#
# There is insufficient memory for the Java Runtime Environment to continue.
# Native memory allocation (mmap) failed to map 134217728 bytes for Failed to commit area from 0x0000000081e00000 to 0x0000000089e00000 of length 134217728.
# Possible reasons:
#   The system is out of physical RAM or swap space
#   The process is running with CompressedOops enabled, and the Java Heap may be blocking the growth of the native heap
# Possible solutions:
#   Reduce memory load on the system
#   Increase physical memory or swap space
#   Check if swap backing store is full
#   Decrease Java heap size (-Xmx/-Xms)
#   Decrease number of Java threads
#   Decrease Java thread stack sizes (-Xss)
#   Set larger code cache with -XX:ReservedCodeCacheSize=
# This output file may be truncated or incomplete.
#
#  Out of Memory Error (./src/hotspot/os/windows/os_windows.cpp:3301), pid=5784, tid=15860
#
# JRE version:  (11.0.11+9) (build )
# Java VM: Dynamic Code Evolution 64-Bit Server VM (11.0.11+9-b1341.57, mixed mode, sharing, tiered, compressed oops, g1 gc, windows-amd64)
# No core dump will be written. Minidumps are not enabled by default on client versions of Windows
#

---------------  S U M M A R Y ------------

Command Line: org.jetbrains.git4idea.http.GitAskPassApp Username for 'https://github.com': 

Host: Intel(R) Core(TM) i5-3337U CPU @ 1.80GHz, 4 cores, 7G,  Windows 10 , 64 bit Build 19041 (10.0.19041.1023)
Time: Fri Jun 18 22:15:48 2021 Central Europe Daylight Time elapsed time: 0.023534 seconds (0d 0h 0m 0s)

---------------  T H R E A D  ---------------

Current thread (0x0000014cd341c000):  JavaThread "Unknown thread" [_thread_in_vm, id=15860, stack(0x0000004c15700000,0x0000004c15800000)]

Stack: [0x0000004c15700000,0x0000004c15800000]
Native frames: (J=compiled Java code, j=interpreted, Vv=VM code, C=native code)
V  [jvm.dll+0x5fdd0a]
V  [jvm.dll+0x7822a5]
V  [jvm.dll+0x7838bd]
V  [jvm.dll+0x783f73]
V  [jvm.dll+0x245ed8]
V  [jvm.dll+0x5fb104]
V  [jvm.dll+0x5f0065]
V  [jvm.dll+0x302ecb]
V  [jvm.dll+0x302e3a]
V  [jvm.dll+0x302d12]
V  [jvm.dll+0x307c06]
V  [jvm.dll+0x350aa3]
V  [jvm.dll+0x3511a6]
V  [jvm.dll+0x350ba3]
V  [jvm.dll+0x2dca78]
V  [jvm.dll+0x2ddc27]
V  [jvm.dll+0x760907]
V  [jvm.dll+0x76219c]
V  [jvm.dll+0x35e039]
V  [jvm.dll+0x743e8e]
V  [jvm.dll+0x3c69b3]
V  [jvm.dll+0x3c8db1]
C  [jli.dll+0x5373]
C  [ucrtbase.dll+0x21bb2]
C  [KERNEL32.DLL+0x17034]
C  [ntdll.dll+0x52651]


---------------  P R O C E S S  ---------------

Threads class SMR info:
_java_thread_list=0x0000014cd1171160, length=0, elements={
}

Java Threads: ( => current thread )

Other Threads:
  0x0000014cd3434800 GCTaskThread "GC Thread#0" [stack: 0x0000004c15800000,0x0000004c15900000] [id=7848]
  0x0000014cd3465800 ConcurrentGCThread "G1 Main Marker" [stack: 0x0000004c15900000,0x0000004c15a00000] [id=11188]
  0x0000014cd3468000 ConcurrentGCThread "G1 Conc#0" [stack: 0x0000004c15a00000,0x0000004c15b00000] [id=10816]

[error occurred during error reporting (printing all threads), id 0xc0000005, EXCEPTION_ACCESS_VIOLATION (0xc0000005) at pc=0x00007ff9362dd047]

VM state:not at safepoint (not fully initialized)

VM Mutex/Monitor currently owned by a thread:  ([mutex/lock_event])
[0x0000014cd3418970] Heap_lock - owner thread: 0x0000014cd341c000

Heap address: 0x0000000081e00000, size: 2018 MB, Compressed Oops mode: Non-zero based: 0x0000000081e00000
Narrow klass base: 0x0000000000000000, Narrow klass shift: 0

GC Heap History (0 events):
No events

Deoptimization events (0 events):
No events

Classes redefined (0 events):
No events

Internal exceptions (0 events):
No events

Events (1 events):
Event: 0.015 Loaded shared library C:\Program Files\JetBrains\WebStorm 2021.1\jbr\bin\zip.dll


Dynamic libraries:
0x00007ff7ac640000 - 0x00007ff7ac64a000 	C:\Program Files\JetBrains\WebStorm 2021.1\jbr\bin\java.exe
0x00007ff96a610000 - 0x00007ff96a805000 	C:\WINDOWS\SYSTEM32\ntdll.dll
0x00007ff96a080000 - 0x00007ff96a13d000 	C:\WINDOWS\System32\KERNEL32.DLL
0x00007ff968090000 - 0x00007ff968358000 	C:\WINDOWS\System32\KERNELBASE.dll
0x00007ff967d50000 - 0x00007ff967e50000 	C:\WINDOWS\System32\ucrtbase.dll
0x00007ff957550000 - 0x00007ff957567000 	C:\Program Files\JetBrains\WebStorm 2021.1\jbr\bin\VCRUNTIME140.dll
0x00007ff952990000 - 0x00007ff9529a9000 	C:\Program Files\JetBrains\WebStorm 2021.1\jbr\bin\jli.dll
0x00007ff968690000 - 0x00007ff968830000 	C:\WINDOWS\System32\USER32.dll
0x00007ff9685f0000 - 0x00007ff968612000 	C:\WINDOWS\System32\win32u.dll
0x00007ff957240000 - 0x00007ff9574da000 	C:\WINDOWS\WinSxS\amd64_microsoft.windows.common-controls_6595b64144ccf1df_6.0.19041.1052_none_60b8f8fd71f5e8cb\COMCTL32.dll
0x00007ff968b30000 - 0x00007ff968bce000 	C:\WINDOWS\System32\msvcrt.dll
0x00007ff968990000 - 0x00007ff9689ba000 	C:\WINDOWS\System32\GDI32.dll
0x00007ff9684e0000 - 0x00007ff9685eb000 	C:\WINDOWS\System32\gdi32full.dll
0x00007ff968360000 - 0x00007ff9683fd000 	C:\WINDOWS\System32\msvcp_win.dll
0x00007ff968bd0000 - 0x00007ff968c00000 	C:\WINDOWS\System32\IMM32.DLL
0x00007ff93fb00000 - 0x00007ff93fb9d000 	C:\Program Files\JetBrains\WebStorm 2021.1\jbr\bin\msvcp140.dll
0x00007ff935ff0000 - 0x00007ff936b43000 	C:\Program Files\JetBrains\WebStorm 2021.1\jbr\bin\server\jvm.dll
0x00007ff96a520000 - 0x00007ff96a5cc000 	C:\WINDOWS\System32\ADVAPI32.dll
0x00007ff969d70000 - 0x00007ff969e0b000 	C:\WINDOWS\System32\sechost.dll
0x00007ff9698f0000 - 0x00007ff969a1b000 	C:\WINDOWS\System32\RPCRT4.dll
0x00007ff968c60000 - 0x00007ff968c68000 	C:\WINDOWS\System32\PSAPI.DLL
0x00007ff9526f0000 - 0x00007ff9526f9000 	C:\WINDOWS\SYSTEM32\WSOCK32.dll
0x00007ff9538f0000 - 0x00007ff9538fa000 	C:\WINDOWS\SYSTEM32\VERSION.dll
0x00007ff969a20000 - 0x00007ff969a8b000 	C:\WINDOWS\System32\WS2_32.dll
0x00007ff958450000 - 0x00007ff958477000 	C:\WINDOWS\SYSTEM32\WINMM.dll
0x00007ff966670000 - 0x00007ff966682000 	C:\WINDOWS\SYSTEM32\kernel.appcore.dll
0x00007ff962240000 - 0x00007ff962251000 	C:\Program Files\JetBrains\WebStorm 2021.1\jbr\bin\verify.dll
0x00007ff966180000 - 0x00007ff966364000 	C:\WINDOWS\SYSTEM32\DBGHELP.DLL
0x00007ff95a780000 - 0x00007ff95a7ac000 	C:\WINDOWS\SYSTEM32\dbgcore.DLL
0x00007ff968000000 - 0x00007ff968083000 	C:\WINDOWS\System32\bcryptPrimitives.dll
0x00007ff961450000 - 0x00007ff961479000 	C:\Program Files\JetBrains\WebStorm 2021.1\jbr\bin\java.dll
0x00007ff9635a0000 - 0x00007ff9635ab000 	C:\Program Files\JetBrains\WebStorm 2021.1\jbr\bin\jimage.dll
0x00007ff961570000 - 0x00007ff961588000 	C:\Program Files\JetBrains\WebStorm 2021.1\jbr\bin\zip.dll

dbghelp: loaded successfully - version: 4.0.5 - missing functions: none
symbol engine: initialized successfully - sym options: 0x614 - pdb path: .;C:\Program Files\JetBrains\WebStorm 2021.1\jbr\bin;C:\WINDOWS\SYSTEM32;C:\WINDOWS\WinSxS\amd64_microsoft.windows.common-controls_6595b64144ccf1df_6.0.19041.1052_none_60b8f8fd71f5e8cb;C:\Program Files\JetBrains\WebStorm 2021.1\jbr\bin\server

VM Arguments:
java_command: org.jetbrains.git4idea.http.GitAskPassApp Username for 'https://github.com': 
java_class_path (initial): C:/Program Files/JetBrains/WebStorm 2021.1/plugins/git4idea/lib/git4idea-rt.jar;C:/Program Files/JetBrains/WebStorm 2021.1/lib/xmlrpc-2.0.1.jar;C:/Program Files/JetBrains/WebStorm 2021.1/lib/commons-codec-1.15.jar
Launcher Type: SUN_STANDARD

[Global flags]
     intx CICompilerCount                          = 3                                         {product} {ergonomic}
     uint ConcGCThreads                            = 1                                         {product} {ergonomic}
     uint G1ConcRefinementThreads                  = 4                                         {product} {ergonomic}
   size_t G1HeapRegionSize                         = 1048576                                   {product} {ergonomic}
    uintx GCDrainStackTargetSize                   = 64                                        {product} {ergonomic}
   size_t InitialHeapSize                          = 134217728                                 {product} {ergonomic}
   size_t MarkStackSize                            = 4194304                                   {product} {ergonomic}
   size_t MaxHeapSize                              = 2116026368                                {product} {ergonomic}
   size_t MinHeapDeltaBytes                        = 1048576                                   {product} {ergonomic}
    uintx NonNMethodCodeHeapSize                   = 5830732                                {pd product} {ergonomic}
    uintx NonProfiledCodeHeapSize                  = 122913754                              {pd product} {ergonomic}
    uintx ProfiledCodeHeapSize                     = 122913754                              {pd product} {ergonomic}
    uintx ReservedCodeCacheSize                    = 251658240                              {pd product} {ergonomic}
     bool SegmentedCodeCache                       = true                                      {product} {ergonomic}
     bool UseCompressedClassPointers               = true                                 {lp64_product} {ergonomic}
     bool UseCompressedOops                        = true                                 {lp64_product} {ergonomic}
     bool UseG1GC                                  = true                                      {product} {ergonomic}
     bool UseLargePagesIndividualAllocation        = false                                  {pd product} {ergonomic}

Logging:
Log output configuration:
 #0: stdout all=warning uptime,level,tags
 #1: stderr all=off uptime,level,tags

Environment Variables:
PATH=C:/Program Files/Git/mingw64/libexec/git-core;C:/Program Files/Git/mingw64/libexec/git-core;C:\Program Files\Git\mingw64\bin;C:\Program Files\Git\usr\bin;C:\Users\DELL\bin;C:\Program Files\Common Files\Oracle\Java\javapath;C:\WINDOWS\system32;C:\WINDOWS;C:\WINDOWS\System32\Wbem;C:\WINDOWS\System32\WindowsPowerShell\v1.0\;C:\Program Files (x86)\Skype\Phone\;C:\WINDOWS\System32\OpenSSH\;C:\Program Files\Git\cmd;C:\Program Files\nodejs\;C:\Users\DELL\AppData\Local\Microsoft\WindowsApps;C:\Users\DELL\AppData\Local\Programs\Microsoft VS Code\bin;C:\Users\DELL\AppData\Local\GitHubDesktop\bin;C:\Users\DELL\AppData\Local\gitkraken\bin;C:\Users\DELL\AppData\Roaming\npm
USERNAME=Alexej
DISPLAY=:0.0
LC_ALL=en_US.UTF-8
OS=Windows_NT
PROCESSOR_IDENTIFIER=Intel64 Family 6 Model 58 Stepping 9, GenuineIntel



---------------  S Y S T E M  ---------------

OS: Windows 10 , 64 bit Build 19041 (10.0.19041.1023)
OS uptime: 5 days 2:52 hours

CPU:total 4 (initial active 4) (2 cores per cpu, 2 threads per core) family 6 model 58 stepping 9 microcode 0x21, cmov, cx8, fxsr, mmx, sse, sse2, sse3, ssse3, sse4.1, sse4.2, popcnt, avx, aes, clmul, erms, ht, tsc, tscinvbit, tscinv

Memory: 4k page, system-wide physical 8065M (2415M free)
TotalPageFile size 9765M (AvailPageFile size 57M)
current process WorkingSet (physical memory assigned to process): 9M, peak: 9M
current process commit charge ("private bytes"): 51M, peak: 179M

vm_info: Dynamic Code Evolution 64-Bit Server VM (11.0.11+9-b1341.57) for windows-amd64 JRE (11.0.11+9-b1341.57), built on May 17 2021 14:09:08 by "" with MS VC++ 14.0 (VS2015)

END.
